<?xml version="1.0" encoding="UTF-8"?>
<!-- Generated by org.testng.reporters.JUnitReportReporter -->
<testsuite hostname="SYS250-PC" name="Com.E2M.CMSTest.RoomBookTest" tests="1" failures="0" timestamp="6 Dec 2019 14:25:22 GMT" time="16.821" errors="0">
  <testcase name="RoomBook" time="16.821" classname="Com.E2M.CMSTest.RoomBookTest"/>
</testsuite> <!-- Com.E2M.CMSTest.RoomBookTest -->
