<?xml version="1.0" encoding="UTF-8"?>
<!-- Generated by org.testng.reporters.JUnitReportReporter -->
<testsuite hostname="SYS250-PC" name="Com.E2M.CMS_Event2MobileTest.CMS_Event2mobileTest" tests="1" failures="0" timestamp="6 Dec 2019 15:03:58 GMT" time="20.094" errors="0">
  <testcase name="CMS_E2MTest" time="20.094" classname="Com.E2M.CMS_Event2MobileTest.CMS_Event2mobileTest"/>
</testsuite> <!-- Com.E2M.CMS_Event2MobileTest.CMS_Event2mobileTest -->
